<?xml version="1.0" encoding="UTF-8"?>
<!-- Generated by org.testng.reporters.JUnitReportReporter -->
<testsuite skipped="0" hostname="LAPTOP-AAIMVHP7" name="DotDash.ToDoList.TestRunner.testNgTestRunner$TestRunner" tests="1" failures="0" timestamp="02 Aug 2018 02:47:18 GMT" time="5.700" errors="0">
  <testcase name="feature" time="5.700" classname="DotDash.ToDoList.TestRunner.testNgTestRunner$TestRunner"/>
</testsuite> <!-- DotDash.ToDoList.TestRunner.testNgTestRunner$TestRunner -->
